{"meta": {"format": 3, "version": "7.10.5", "timestamp": "2025-10-03T12:36:59.273573", "branch_coverage": false, "show_contexts": false}, "files": {"src/defuse/__init__.py": {"executed_lines": [1, 9, 10, 11, 13, 14, 15, 16, 22, 24], "summary": {"covered_lines": 9, "num_statements": 9, "percent_covered": 100.0, "percent_covered_display": "100", "missing_lines": 0, "excluded_lines": 0}, "missing_lines": [], "excluded_lines": [], "functions": {"": {"executed_lines": [1, 9, 10, 11, 13, 14, 15, 16, 22, 24], "summary": {"covered_lines": 9, "num_statements": 9, "percent_covered": 100.0, "percent_covered_display": "100", "missing_lines": 0, "excluded_lines": 0}, "missing_lines": [], "excluded_lines": []}}, "classes": {"": {"executed_lines": [1, 9, 10, 11, 13, 14, 15, 16, 22, 24], "summary": {"covered_lines": 9, "num_statements": 9, "percent_covered": 100.0, "percent_covered_display": "100", "missing_lines": 0, "excluded_lines": 0}, "missing_lines": [], "excluded_lines": []}}}, "src/defuse/cli.py": {"executed_lines": [1, 5, 6, 7, 8, 9, 10, 11, 12, 14, 15, 16, 18, 19, 20, 21, 22, 25, 35, 37, 38, 40, 41, 42, 56, 57, 59, 62, 64, 65, 66, 68, 76, 77, 78, 83, 87, 88, 89, 92, 93, 99, 101, 103, 112, 113, 114, 116, 118, 132, 133, 134, 136, 138, 146, 147, 148, 150, 153, 154, 155, 156, 158, 159, 161, 162, 164, 168, 169, 170, 176, 177, 178, 183, 184, 189, 190, 202, 204, 205, 207, 208, 211, 212, 213, 214, 215, 216, 219, 220, 221, 222, 223, 224, 225, 229, 230, 233, 236, 237, 238, 239, 242, 245, 247, 249, 250, 252, 255, 257, 258, 260, 261, 264, 267, 268, 269, 273, 276, 278, 280, 283, 284, 285, 286, 288, 289, 290, 291, 292, 293, 299, 300, 301, 307, 308, 309, 312, 314, 315, 317, 318, 321, 322, 323, 324, 325, 328, 330, 331, 332, 334, 337, 338, 339, 341, 343, 345, 346, 347, 353, 354, 355, 361, 362, 363, 366, 368, 369, 371, 372, 375, 376, 377, 378, 381, 384, 385, 386, 387, 390, 393, 396, 400, 401, 402, 405, 406, 408, 410, 411, 412, 414, 415, 417, 418, 423, 424, 427, 430, 432, 434, 435, 437, 438, 440, 441, 443, 445, 448, 451, 452, 453, 455, 461, 462, 484, 485, 488, 490, 493, 494, 495, 498, 499, 500, 503, 504, 505, 506, 507, 511, 514, 515, 516, 517, 518, 519, 521, 522, 523, 524, 527, 533, 535, 536, 538, 541, 542, 614, 615, 618, 621, 622, 623, 625, 627, 628, 631, 632, 633, 636, 638, 639, 640, 641, 643, 644, 645, 649, 650, 653, 654, 655, 661, 662, 665, 666, 667, 668, 671, 673, 674, 675, 678, 679, 682, 684, 686, 687, 688, 689, 691, 692, 693, 694, 696, 697, 698, 699, 700, 701, 702, 706, 707, 708, 709, 710, 713], "summary": {"covered_lines": 308, "num_statements": 399, "percent_covered": 77.19298245614036, "percent_covered_display": "77", "missing_lines": 91, "excluded_lines": 0}, "missing_lines": [27, 28, 29, 30, 32, 43, 45, 48, 49, 50, 51, 52, 53, 55, 79, 80, 94, 95, 96, 165, 227, 228, 294, 295, 296, 348, 349, 350, 442, 463, 464, 467, 468, 469, 470, 476, 477, 478, 479, 481, 509, 510, 528, 529, 530, 532, 545, 547, 549, 550, 551, 554, 556, 557, 558, 559, 562, 563, 564, 565, 568, 569, 572, 573, 574, 576, 578, 579, 582, 583, 585, 586, 587, 591, 593, 594, 595, 600, 602, 603, 604, 605, 606, 608, 609, 610, 611, 657, 658, 704, 714], "excluded_lines": [], "functions": {"get_config_dir": {"executed_lines": [], "summary": {"covered_lines": 0, "num_statements": 5, "percent_covered": 0.0, "percent_covered_display": "0", "missing_lines": 5, "excluded_lines": 0}, "missing_lines": [27, 28, 29, 30, 32], "excluded_lines": []}, "load_user_config": {"executed_lines": [37, 38, 40, 41, 42, 56, 57, 59], "summary": {"covered_lines": 8, "num_statements": 17, "percent_covered": 47.05882352941177, "percent_covered_display": "47", "missing_lines": 9, "excluded_lines": 0}, "missing_lines": [43, 45, 48, 49, 50, 51, 52, 53, 55], "excluded_lines": []}, "save_user_config": {"executed_lines": [64, 65, 66, 68, 76, 77, 78], "summary": {"covered_lines": 7, "num_statements": 9, "percent_covered": 77.77777777777777, "percent_covered_display": "78", "missing_lines": 2, "excluded_lines": 0}, "missing_lines": [79, 80], "excluded_lines": []}, "find_dangerzone_cli": {"executed_lines": [87, 88, 89, 92, 93, 99, 101, 103, 112, 113, 114, 116, 118, 132, 133, 134, 136, 138, 146, 147, 148, 150], "summary": {"covered_lines": 22, "num_statements": 25, "percent_covered": 88.0, "percent_covered_display": "88", "missing_lines": 3, "excluded_lines": 0}, "missing_lines": [94, 95, 96], "excluded_lines": []}, "main": {"executed_lines": [158, 159, 161, 162, 164], "summary": {"covered_lines": 5, "num_statements": 6, "percent_covered": 83.33333333333333, "percent_covered_display": "83", "missing_lines": 1, "excluded_lines": 0}, "missing_lines": [165], "excluded_lines": []}, "download": {"executed_lines": [202, 204, 205, 207, 208, 211, 212, 213, 214, 215, 216, 219, 220, 221, 222, 223, 224, 225, 229, 230, 233, 236, 237, 238, 239, 242, 245, 247, 249, 250, 252, 255, 257, 258, 260, 261, 264, 267, 268, 269, 273, 276, 278, 280, 283, 284, 285, 286, 288, 289, 290, 291, 292, 293], "summary": {"covered_lines": 54, "num_statements": 59, "percent_covered": 91.52542372881356, "percent_covered_display": "92", "missing_lines": 5, "excluded_lines": 0}, "missing_lines": [227, 228, 294, 295, 296], "excluded_lines": []}, "sanitize": {"executed_lines": [312, 314, 315, 317, 318, 321, 322, 323, 324, 325, 328, 330, 331, 332, 334, 337, 338, 339, 341, 343, 345, 346, 347], "summary": {"covered_lines": 23, "num_statements": 26, "percent_covered": 88.46153846153847, "percent_covered_display": "88", "missing_lines": 3, "excluded_lines": 0}, "missing_lines": [348, 349, 350], "excluded_lines": []}, "batch": {"executed_lines": [366, 368, 369, 371, 372, 375, 376, 377, 378, 381, 384, 385, 386, 387, 390, 393, 396, 400, 401, 402, 405, 406, 408, 410, 411, 412, 414, 415, 417, 418, 423, 424, 427, 430, 432, 434, 435, 437, 438, 440, 441, 443, 445], "summary": {"covered_lines": 43, "num_statements": 44, "percent_covered": 97.72727272727273, "percent_covered_display": "98", "missing_lines": 1, "excluded_lines": 0}, "missing_lines": [442], "excluded_lines": []}, "check_container_runtime": {"executed_lines": [451, 452, 453, 455, 461, 462], "summary": {"covered_lines": 6, "num_statements": 17, "percent_covered": 35.294117647058826, "percent_covered_display": "35", "missing_lines": 11, "excluded_lines": 0}, "missing_lines": [463, 464, 467, 468, 469, 470, 476, 477, 478, 479, 481], "excluded_lines": []}, "check_deps": {"executed_lines": [488, 490, 493, 494, 495, 498, 499, 500, 503, 504, 505, 506, 507, 511, 514, 515, 516, 517, 518, 519, 521, 522, 523, 524, 527, 533, 535, 536, 538], "summary": {"covered_lines": 29, "num_statements": 35, "percent_covered": 82.85714285714286, "percent_covered_display": "83", "missing_lines": 6, "excluded_lines": 0}, "missing_lines": [509, 510, 528, 529, 530, 532], "excluded_lines": []}, "test_sandbox": {"executed_lines": [], "summary": {"covered_lines": 0, "num_statements": 41, "percent_covered": 0.0, "percent_covered_display": "0", "missing_lines": 41, "excluded_lines": 0}, "missing_lines": [545, 547, 549, 550, 551, 554, 556, 557, 558, 559, 562, 563, 564, 565, 568, 569, 572, 573, 574, 576, 578, 579, 582, 583, 585, 586, 587, 591, 593, 594, 595, 600, 602, 603, 604, 605, 606, 608, 609, 610, 611], "excluded_lines": []}, "security_report": {"executed_lines": [618, 621, 622, 623, 625, 627, 628, 631, 632, 633, 636, 638, 639, 640, 641, 643, 644, 645, 649, 650, 653, 654, 655], "summary": {"covered_lines": 23, "num_statements": 25, "percent_covered": 92.0, "percent_covered_display": "92", "missing_lines": 2, "excluded_lines": 0}, "missing_lines": [657, 658], "excluded_lines": []}, "config": {"executed_lines": [671, 673, 674, 675, 678, 679, 682, 684, 686, 687, 688, 689, 691, 692, 693, 694, 696, 697, 698, 699, 700, 701, 702, 706, 707, 708, 709, 710], "summary": {"covered_lines": 28, "num_statements": 29, "percent_covered": 96.55172413793103, "percent_covered_display": "97", "missing_lines": 1, "excluded_lines": 0}, "missing_lines": [704], "excluded_lines": []}, "": {"executed_lines": [1, 5, 6, 7, 8, 9, 10, 11, 12, 14, 15, 16, 18, 19, 20, 21, 22, 25, 35, 62, 83, 153, 154, 155, 156, 168, 169, 170, 176, 177, 178, 183, 184, 189, 190, 299, 300, 301, 307, 308, 309, 353, 354, 355, 361, 362, 363, 448, 484, 485, 541, 542, 614, 615, 661, 662, 665, 666, 667, 668, 713], "summary": {"covered_lines": 60, "num_statements": 61, "percent_covered": 98.36065573770492, "percent_covered_display": "98", "missing_lines": 1, "excluded_lines": 0}, "missing_lines": [714], "excluded_lines": []}}, "classes": {"": {"executed_lines": [1, 5, 6, 7, 8, 9, 10, 11, 12, 14, 15, 16, 18, 19, 20, 21, 22, 25, 35, 37, 38, 40, 41, 42, 56, 57, 59, 62, 64, 65, 66, 68, 76, 77, 78, 83, 87, 88, 89, 92, 93, 99, 101, 103, 112, 113, 114, 116, 118, 132, 133, 134, 136, 138, 146, 147, 148, 150, 153, 154, 155, 156, 158, 159, 161, 162, 164, 168, 169, 170, 176, 177, 178, 183, 184, 189, 190, 202, 204, 205, 207, 208, 211, 212, 213, 214, 215, 216, 219, 220, 221, 222, 223, 224, 225, 229, 230, 233, 236, 237, 238, 239, 242, 245, 247, 249, 250, 252, 255, 257, 258, 260, 261, 264, 267, 268, 269, 273, 276, 278, 280, 283, 284, 285, 286, 288, 289, 290, 291, 292, 293, 299, 300, 301, 307, 308, 309, 312, 314, 315, 317, 318, 321, 322, 323, 324, 325, 328, 330, 331, 332, 334, 337, 338, 339, 341, 343, 345, 346, 347, 353, 354, 355, 361, 362, 363, 366, 368, 369, 371, 372, 375, 376, 377, 378, 381, 384, 385, 386, 387, 390, 393, 396, 400, 401, 402, 405, 406, 408, 410, 411, 412, 414, 415, 417, 418, 423, 424, 427, 430, 432, 434, 435, 437, 438, 440, 441, 443, 445, 448, 451, 452, 453, 455, 461, 462, 484, 485, 488, 490, 493, 494, 495, 498, 499, 500, 503, 504, 505, 506, 507, 511, 514, 515, 516, 517, 518, 519, 521, 522, 523, 524, 527, 533, 535, 536, 538, 541, 542, 614, 615, 618, 621, 622, 623, 625, 627, 628, 631, 632, 633, 636, 638, 639, 640, 641, 643, 644, 645, 649, 650, 653, 654, 655, 661, 662, 665, 666, 667, 668, 671, 673, 674, 675, 678, 679, 682, 684, 686, 687, 688, 689, 691, 692, 693, 694, 696, 697, 698, 699, 700, 701, 702, 706, 707, 708, 709, 710, 713], "summary": {"covered_lines": 308, "num_statements": 399, "percent_covered": 77.19298245614036, "percent_covered_display": "77", "missing_lines": 91, "excluded_lines": 0}, "missing_lines": [27, 28, 29, 30, 32, 43, 45, 48, 49, 50, 51, 52, 53, 55, 79, 80, 94, 95, 96, 165, 227, 228, 294, 295, 296, 348, 349, 350, 442, 463, 464, 467, 468, 469, 470, 476, 477, 478, 479, 481, 509, 510, 528, 529, 530, 532, 545, 547, 549, 550, 551, 554, 556, 557, 558, 559, 562, 563, 564, 565, 568, 569, 572, 573, 574, 576, 578, 579, 582, 583, 585, 586, 587, 591, 593, 594, 595, 600, 602, 603, 604, 605, 606, 608, 609, 610, 611, 657, 658, 704, 714], "excluded_lines": []}}}, "src/defuse/config.py": {"executed_lines": [1, 2, 3, 6, 7, 8, 10, 11, 12, 13, 14, 17, 18, 19, 22, 23, 24, 25, 28, 29, 30, 32, 33, 34, 35, 36, 39, 40, 41, 43, 44, 45, 46, 48, 49, 50, 53, 54, 57, 59, 62, 64, 66, 67, 69, 70, 72], "summary": {"covered_lines": 44, "num_statements": 44, "percent_covered": 100.0, "percent_covered_display": "100", "missing_lines": 0, "excluded_lines": 0}, "missing_lines": [], "excluded_lines": [], "functions": {"Config.__init__": {"executed_lines": [49, 50, 53, 54], "summary": {"covered_lines": 4, "num_statements": 4, "percent_covered": 100.0, "percent_covered_display": "100", "missing_lines": 0, "excluded_lines": 0}, "missing_lines": [], "excluded_lines": []}, "get_default_config": {"executed_lines": [59], "summary": {"covered_lines": 1, "num_statements": 1, "percent_covered": 100.0, "percent_covered_display": "100", "missing_lines": 0, "excluded_lines": 0}, "missing_lines": [], "excluded_lines": []}, "validate_config": {"executed_lines": [64, 66, 67, 69, 70, 72], "summary": {"covered_lines": 6, "num_statements": 6, "percent_covered": 100.0, "percent_covered_display": "100", "missing_lines": 0, "excluded_lines": 0}, "missing_lines": [], "excluded_lines": []}, "": {"executed_lines": [1, 2, 3, 6, 7, 8, 10, 11, 12, 13, 14, 17, 18, 19, 22, 23, 24, 25, 28, 29, 30, 32, 33, 34, 35, 36, 39, 40, 41, 43, 44, 45, 46, 48, 57, 62], "summary": {"covered_lines": 33, "num_statements": 33, "percent_covered": 100.0, "percent_covered_display": "100", "missing_lines": 0, "excluded_lines": 0}, "missing_lines": [], "excluded_lines": []}}, "classes": {"SandboxConfig": {"executed_lines": [], "summary": {"covered_lines": 0, "num_statements": 0, "percent_covered": 100.0, "percent_covered_display": "100", "missing_lines": 0, "excluded_lines": 0}, "missing_lines": [], "excluded_lines": []}, "SanitizerConfig": {"executed_lines": [], "summary": {"covered_lines": 0, "num_statements": 0, "percent_covered": 100.0, "percent_covered_display": "100", "missing_lines": 0, "excluded_lines": 0}, "missing_lines": [], "excluded_lines": []}, "Config": {"executed_lines": [49, 50, 53, 54], "summary": {"covered_lines": 4, "num_statements": 4, "percent_covered": 100.0, "percent_covered_display": "100", "missing_lines": 0, "excluded_lines": 0}, "missing_lines": [], "excluded_lines": []}, "": {"executed_lines": [1, 2, 3, 6, 7, 8, 10, 11, 12, 13, 14, 17, 18, 19, 22, 23, 24, 25, 28, 29, 30, 32, 33, 34, 35, 36, 39, 40, 41, 43, 44, 45, 46, 48, 57, 59, 62, 64, 66, 67, 69, 70, 72], "summary": {"covered_lines": 40, "num_statements": 40, "percent_covered": 100.0, "percent_covered_display": "100", "missing_lines": 0, "excluded_lines": 0}, "missing_lines": [], "excluded_lines": []}}}, "src/defuse/downloader.py": {"executed_lines": [1, 2, 3, 4, 5, 6, 7, 9, 10, 11, 14, 15, 17, 20, 21, 23, 24, 25, 26, 27, 33, 35, 37, 38, 41, 43, 45, 46, 48, 49, 51, 52, 54, 55, 56, 60, 62, 66, 68, 69, 71, 74, 77, 78, 80, 84, 85, 86, 89, 90, 92, 99, 100, 106, 122, 123, 125, 126, 130, 135, 136, 139, 140, 141, 147, 149, 152, 155, 158, 161, 164, 167, 168, 169, 173, 174, 176, 179, 180, 181, 182, 184, 188, 189, 192, 195, 202, 204, 206, 207, 209, 211, 217, 218, 219, 220, 221, 222, 223, 224, 225, 226, 227, 228, 229, 231, 248, 250, 267, 271, 272, 274, 276, 277, 280, 281, 282, 288, 289, 292, 293, 296, 299, 302, 303, 304, 308, 309, 311, 312, 315, 316, 317, 318, 319, 320, 324, 325, 328, 329, 330, 334, 336, 337, 339, 340, 341, 342, 343, 345], "summary": {"covered_lines": 148, "num_statements": 166, "percent_covered": 89.1566265060241, "percent_covered_display": "89", "missing_lines": 18, "excluded_lines": 0}, "missing_lines": [63, 64, 103, 104, 197, 253, 254, 257, 258, 261, 265, 338, 347, 349, 359, 360, 361, 362], "excluded_lines": [], "functions": {"SecureDocumentDownloader.__init__": {"executed_lines": [24, 25, 26, 27, 33], "summary": {"covered_lines": 5, "num_statements": 5, "percent_covered": 100.0, "percent_covered_display": "100", "missing_lines": 0, "excluded_lines": 0}, "missing_lines": [], "excluded_lines": []}, "SecureDocumentDownloader._setup_resource_limits": {"executed_lines": [37, 38, 41], "summary": {"covered_lines": 3, "num_statements": 3, "percent_covered": 100.0, "percent_covered_display": "100", "missing_lines": 0, "excluded_lines": 0}, "missing_lines": [], "excluded_lines": []}, "SecureDocumentDownloader.validate_url": {"executed_lines": [45, 46, 48, 49, 51, 52, 54, 55, 56, 60, 62], "summary": {"covered_lines": 11, "num_statements": 13, "percent_covered": 84.61538461538461, "percent_covered_display": "85", "missing_lines": 2, "excluded_lines": 0}, "missing_lines": [63, 64], "excluded_lines": []}, "SecureDocumentDownloader.check_content_type": {"executed_lines": [68, 69, 71, 74, 77, 78], "summary": {"covered_lines": 6, "num_statements": 6, "percent_covered": 100.0, "percent_covered_display": "100", "missing_lines": 0, "excluded_lines": 0}, "missing_lines": [], "excluded_lines": []}, "SecureDocumentDownloader.validate_document_format": {"executed_lines": [84, 85, 86, 89, 90], "summary": {"covered_lines": 5, "num_statements": 5, "percent_covered": 100.0, "percent_covered_display": "100", "missing_lines": 0, "excluded_lines": 0}, "missing_lines": [], "excluded_lines": []}, "SecureDocumentDownloader.validate_document_format_buffer": {"executed_lines": [99, 100], "summary": {"covered_lines": 2, "num_statements": 4, "percent_covered": 50.0, "percent_covered_display": "50", "missing_lines": 2, "excluded_lines": 0}, "missing_lines": [103, 104], "excluded_lines": []}, "SecureDocumentDownloader.download_to_memory": {"executed_lines": [122, 123, 125, 126, 130, 135, 136, 139, 140, 141, 147, 149, 152, 155, 158, 161, 164, 167, 168, 169, 173, 174, 176, 179, 180, 181, 182, 184, 188, 189, 192, 195, 202, 204, 206, 207, 209], "summary": {"covered_lines": 37, "num_statements": 38, "percent_covered": 97.36842105263158, "percent_covered_display": "97", "missing_lines": 1, "excluded_lines": 0}, "missing_lines": [197], "excluded_lines": []}, "SecureDocumentDownloader.save_buffer_to_file": {"executed_lines": [217, 218, 219, 220, 221, 222, 223, 224, 225, 226, 227, 228, 229], "summary": {"covered_lines": 13, "num_statements": 13, "percent_covered": 100.0, "percent_covered_display": "100", "missing_lines": 0, "excluded_lines": 0}, "missing_lines": [], "excluded_lines": []}, "SecureDocumentDownloader.download": {"executed_lines": [248, 250], "summary": {"covered_lines": 2, "num_statements": 8, "percent_covered": 25.0, "percent_covered_display": "25", "missing_lines": 6, "excluded_lines": 0}, "missing_lines": [253, 254, 257, 258, 261, 265], "excluded_lines": []}, "SecureDocumentDownloader._download_direct_to_file": {"executed_lines": [271, 272, 274, 276, 277, 280, 281, 282, 288, 289, 292, 293, 296, 299, 302, 303, 304, 308, 309, 311, 312, 315, 316, 317, 318, 319, 320, 324, 325, 328, 329, 330, 334, 336, 337, 339, 340, 341, 342, 343], "summary": {"covered_lines": 40, "num_statements": 41, "percent_covered": 97.5609756097561, "percent_covered_display": "98", "missing_lines": 1, "excluded_lines": 0}, "missing_lines": [338], "excluded_lines": []}, "SecureDocumentDownloader.cleanup_temp_files": {"executed_lines": [], "summary": {"covered_lines": 0, "num_statements": 6, "percent_covered": 0.0, "percent_covered_display": "0", "missing_lines": 6, "excluded_lines": 0}, "missing_lines": [347, 349, 359, 360, 361, 362], "excluded_lines": []}, "": {"executed_lines": [1, 2, 3, 4, 5, 6, 7, 9, 10, 11, 14, 15, 17, 20, 21, 23, 35, 43, 66, 80, 92, 106, 211, 231, 267, 345], "summary": {"covered_lines": 24, "num_statements": 24, "percent_covered": 100.0, "percent_covered_display": "100", "missing_lines": 0, "excluded_lines": 0}, "missing_lines": [], "excluded_lines": []}}, "classes": {"DocumentDownloadError": {"executed_lines": [], "summary": {"covered_lines": 0, "num_statements": 0, "percent_covered": 100.0, "percent_covered_display": "100", "missing_lines": 0, "excluded_lines": 0}, "missing_lines": [], "excluded_lines": []}, "SecureDocumentDownloader": {"executed_lines": [24, 25, 26, 27, 33, 37, 38, 41, 45, 46, 48, 49, 51, 52, 54, 55, 56, 60, 62, 68, 69, 71, 74, 77, 78, 84, 85, 86, 89, 90, 99, 100, 122, 123, 125, 126, 130, 135, 136, 139, 140, 141, 147, 149, 152, 155, 158, 161, 164, 167, 168, 169, 173, 174, 176, 179, 180, 181, 182, 184, 188, 189, 192, 195, 202, 204, 206, 207, 209, 217, 218, 219, 220, 221, 222, 223, 224, 225, 226, 227, 228, 229, 248, 250, 271, 272, 274, 276, 277, 280, 281, 282, 288, 289, 292, 293, 296, 299, 302, 303, 304, 308, 309, 311, 312, 315, 316, 317, 318, 319, 320, 324, 325, 328, 329, 330, 334, 336, 337, 339, 340, 341, 342, 343], "summary": {"covered_lines": 124, "num_statements": 142, "percent_covered": 87.32394366197182, "percent_covered_display": "87", "missing_lines": 18, "excluded_lines": 0}, "missing_lines": [63, 64, 103, 104, 197, 253, 254, 257, 258, 261, 265, 338, 347, 349, 359, 360, 361, 362], "excluded_lines": []}, "": {"executed_lines": [1, 2, 3, 4, 5, 6, 7, 9, 10, 11, 14, 15, 17, 20, 21, 23, 35, 43, 66, 80, 92, 106, 211, 231, 267, 345], "summary": {"covered_lines": 24, "num_statements": 24, "percent_covered": 100.0, "percent_covered_display": "100", "missing_lines": 0, "excluded_lines": 0}, "missing_lines": [], "excluded_lines": []}}}, "src/defuse/formats.py": {"executed_lines": [1, 5, 6, 7, 8, 11, 12, 15, 16, 17, 18, 19, 20, 21, 22, 23, 24, 25, 26, 27, 28, 29, 32, 33, 34, 35, 36, 37, 38, 41, 42, 43, 45, 46, 47, 48, 49, 52, 53, 55, 56, 57, 58, 59, 61, 63, 228, 230, 231, 232, 233, 234, 235, 236, 238, 240, 241, 242, 243, 244, 245, 246, 248, 250, 251, 252, 253, 254, 255, 256, 257, 259, 263, 264, 266, 267, 268, 269, 272, 273, 276, 277, 278, 279, 282, 284, 287, 289, 296, 298, 304, 306, 308, 310, 312, 313, 314, 316, 328, 331, 332, 333, 334, 337, 338, 339, 340, 343, 344, 345, 346, 348, 349, 352, 353, 355, 362, 363, 365, 367, 369, 371, 372, 373, 374, 376, 378, 379, 380, 381, 384, 386, 389, 395, 396], "summary": {"covered_lines": 131, "num_statements": 131, "percent_covered": 100.0, "percent_covered_display": "100", "missing_lines": 0, "excluded_lines": 0}, "missing_lines": [], "excluded_lines": [], "functions": {"FileTypeDetector.__init__": {"executed_lines": [56, 57, 58, 59], "summary": {"covered_lines": 4, "num_statements": 4, "percent_covered": 100.0, "percent_covered_display": "100", "missing_lines": 0, "excluded_lines": 0}, "missing_lines": [], "excluded_lines": []}, "FileTypeDetector._build_format_registry": {"executed_lines": [63], "summary": {"covered_lines": 1, "num_statements": 1, "percent_covered": 100.0, "percent_covered_display": "100", "missing_lines": 0, "excluded_lines": 0}, "missing_lines": [], "excluded_lines": []}, "FileTypeDetector._build_magic_index": {"executed_lines": [230, 231, 232, 233, 234, 235, 236], "summary": {"covered_lines": 7, "num_statements": 7, "percent_covered": 100.0, "percent_covered_display": "100", "missing_lines": 0, "excluded_lines": 0}, "missing_lines": [], "excluded_lines": []}, "FileTypeDetector._build_mime_index": {"executed_lines": [240, 241, 242, 243, 244, 245, 246], "summary": {"covered_lines": 7, "num_statements": 7, "percent_covered": 100.0, "percent_covered_display": "100", "missing_lines": 0, "excluded_lines": 0}, "missing_lines": [], "excluded_lines": []}, "FileTypeDetector._build_extension_index": {"executed_lines": [250, 251, 252, 253, 254, 255, 256, 257], "summary": {"covered_lines": 8, "num_statements": 8, "percent_covered": 100.0, "percent_covered_display": "100", "missing_lines": 0, "excluded_lines": 0}, "missing_lines": [], "excluded_lines": []}, "FileTypeDetector.detect_from_header": {"executed_lines": [263, 264, 266, 267, 268, 269, 272, 273, 276, 277, 278, 279, 282, 284, 287], "summary": {"covered_lines": 15, "num_statements": 15, "percent_covered": 100.0, "percent_covered_display": "100", "missing_lines": 0, "excluded_lines": 0}, "missing_lines": [], "excluded_lines": []}, "FileTypeDetector._detect_zip_based_format": {"executed_lines": [296], "summary": {"covered_lines": 1, "num_statements": 1, "percent_covered": 100.0, "percent_covered_display": "100", "missing_lines": 0, "excluded_lines": 0}, "missing_lines": [], "excluded_lines": []}, "FileTypeDetector._detect_ole_based_format": {"executed_lines": [304], "summary": {"covered_lines": 1, "num_statements": 1, "percent_covered": 100.0, "percent_covered_display": "100", "missing_lines": 0, "excluded_lines": 0}, "missing_lines": [], "excluded_lines": []}, "FileTypeDetector.detect_from_mime_type": {"executed_lines": [308], "summary": {"covered_lines": 1, "num_statements": 1, "percent_covered": 100.0, "percent_covered_display": "100", "missing_lines": 0, "excluded_lines": 0}, "missing_lines": [], "excluded_lines": []}, "FileTypeDetector.detect_from_extension": {"executed_lines": [312, 313, 314], "summary": {"covered_lines": 3, "num_statements": 3, "percent_covered": 100.0, "percent_covered_display": "100", "missing_lines": 0, "excluded_lines": 0}, "missing_lines": [], "excluded_lines": []}, "FileTypeDetector.detect_format": {"executed_lines": [328, 331, 332, 333, 334, 337, 338, 339, 340, 343, 344, 345, 346, 348, 349, 352, 353], "summary": {"covered_lines": 17, "num_statements": 17, "percent_covered": 100.0, "percent_covered_display": "100", "missing_lines": 0, "excluded_lines": 0}, "missing_lines": [], "excluded_lines": []}, "FileTypeDetector.is_supported": {"executed_lines": [362, 363], "summary": {"covered_lines": 2, "num_statements": 2, "percent_covered": 100.0, "percent_covered_display": "100", "missing_lines": 0, "excluded_lines": 0}, "missing_lines": [], "excluded_lines": []}, "FileTypeDetector.get_format_info": {"executed_lines": [367], "summary": {"covered_lines": 1, "num_statements": 1, "percent_covered": 100.0, "percent_covered_display": "100", "missing_lines": 0, "excluded_lines": 0}, "missing_lines": [], "excluded_lines": []}, "FileTypeDetector.get_supported_extensions": {"executed_lines": [371, 372, 373, 374], "summary": {"covered_lines": 4, "num_statements": 4, "percent_covered": 100.0, "percent_covered_display": "100", "missing_lines": 0, "excluded_lines": 0}, "missing_lines": [], "excluded_lines": []}, "FileTypeDetector.get_supported_mime_types": {"executed_lines": [378, 379, 380, 381], "summary": {"covered_lines": 4, "num_statements": 4, "percent_covered": 100.0, "percent_covered_display": "100", "missing_lines": 0, "excluded_lines": 0}, "missing_lines": [], "excluded_lines": []}, "create_file_detector": {"executed_lines": [386], "summary": {"covered_lines": 1, "num_statements": 1, "percent_covered": 100.0, "percent_covered_display": "100", "missing_lines": 0, "excluded_lines": 0}, "missing_lines": [], "excluded_lines": []}, "is_supported_format": {"executed_lines": [395, 396], "summary": {"covered_lines": 2, "num_statements": 2, "percent_covered": 100.0, "percent_covered_display": "100", "missing_lines": 0, "excluded_lines": 0}, "missing_lines": [], "excluded_lines": []}, "": {"executed_lines": [1, 5, 6, 7, 8, 11, 12, 15, 16, 17, 18, 19, 20, 21, 22, 23, 24, 25, 26, 27, 28, 29, 32, 33, 34, 35, 36, 37, 38, 41, 42, 43, 45, 46, 47, 48, 49, 52, 53, 55, 61, 228, 238, 248, 259, 289, 298, 306, 310, 316, 355, 365, 369, 376, 384, 389], "summary": {"covered_lines": 52, "num_statements": 52, "percent_covered": 100.0, "percent_covered_display": "100", "missing_lines": 0, "excluded_lines": 0}, "missing_lines": [], "excluded_lines": []}}, "classes": {"SupportedFormat": {"executed_lines": [], "summary": {"covered_lines": 0, "num_statements": 0, "percent_covered": 100.0, "percent_covered_display": "100", "missing_lines": 0, "excluded_lines": 0}, "missing_lines": [], "excluded_lines": []}, "FormatInfo": {"executed_lines": [], "summary": {"covered_lines": 0, "num_statements": 0, "percent_covered": 100.0, "percent_covered_display": "100", "missing_lines": 0, "excluded_lines": 0}, "missing_lines": [], "excluded_lines": []}, "FileTypeDetector": {"executed_lines": [56, 57, 58, 59, 63, 230, 231, 232, 233, 234, 235, 236, 240, 241, 242, 243, 244, 245, 246, 250, 251, 252, 253, 254, 255, 256, 257, 263, 264, 266, 267, 268, 269, 272, 273, 276, 277, 278, 279, 282, 284, 287, 296, 304, 308, 312, 313, 314, 328, 331, 332, 333, 334, 337, 338, 339, 340, 343, 344, 345, 346, 348, 349, 352, 353, 362, 363, 367, 371, 372, 373, 374, 378, 379, 380, 381], "summary": {"covered_lines": 76, "num_statements": 76, "percent_covered": 100.0, "percent_covered_display": "100", "missing_lines": 0, "excluded_lines": 0}, "missing_lines": [], "excluded_lines": []}, "": {"executed_lines": [1, 5, 6, 7, 8, 11, 12, 15, 16, 17, 18, 19, 20, 21, 22, 23, 24, 25, 26, 27, 28, 29, 32, 33, 34, 35, 36, 37, 38, 41, 42, 43, 45, 46, 47, 48, 49, 52, 53, 55, 61, 228, 238, 248, 259, 289, 298, 306, 310, 316, 355, 365, 369, 376, 384, 386, 389, 395, 396], "summary": {"covered_lines": 55, "num_statements": 55, "percent_covered": 100.0, "percent_covered_display": "100", "missing_lines": 0, "excluded_lines": 0}, "missing_lines": [], "excluded_lines": []}}}, "src/defuse/resources.py": {"executed_lines": [1, 8, 9, 10, 13, 14, 15, 17, 18, 19, 22, 23, 24, 26, 27, 28, 29, 32, 33, 35, 36, 37, 38, 40, 42, 47, 48, 50, 51, 55, 56, 60, 70, 73, 74, 75, 76, 94, 95, 97, 130, 133, 144, 149, 152], "summary": {"covered_lines": 41, "num_statements": 62, "percent_covered": 66.12903225806451, "percent_covered_display": "66", "missing_lines": 21, "excluded_lines": 0}, "missing_lines": [44, 45, 52, 53, 58, 71, 80, 81, 86, 87, 92, 104, 105, 107, 108, 111, 114, 118, 125, 126, 154], "excluded_lines": [], "functions": {"ResourceManager.__init__": {"executed_lines": [36, 37, 38], "summary": {"covered_lines": 3, "num_statements": 3, "percent_covered": 100.0, "percent_covered_display": "100", "missing_lines": 0, "excluded_lines": 0}, "missing_lines": [], "excluded_lines": []}, "ResourceManager._initialize": {"executed_lines": [42, 47, 48, 50, 51], "summary": {"covered_lines": 5, "num_statements": 9, "percent_covered": 55.55555555555556, "percent_covered_display": "56", "missing_lines": 4, "excluded_lines": 0}, "missing_lines": [44, 45, 52, 53], "excluded_lines": []}, "ResourceManager.supported": {"executed_lines": [], "summary": {"covered_lines": 0, "num_statements": 1, "percent_covered": 0.0, "percent_covered_display": "0", "missing_lines": 1, "excluded_lines": 0}, "missing_lines": [58], "excluded_lines": []}, "ResourceManager.set_limits": {"executed_lines": [70, 73, 74, 75, 76, 94, 95], "summary": {"covered_lines": 7, "num_statements": 13, "percent_covered": 53.84615384615385, "percent_covered_display": "54", "missing_lines": 6, "excluded_lines": 0}, "missing_lines": [71, 80, 81, 86, 87, 92], "excluded_lines": []}, "ResourceManager.get_current_limits": {"executed_lines": [], "summary": {"covered_lines": 0, "num_statements": 9, "percent_covered": 0.0, "percent_covered_display": "0", "missing_lines": 9, "excluded_lines": 0}, "missing_lines": [104, 105, 107, 108, 111, 114, 118, 125, 126], "excluded_lines": []}, "setup_download_limits": {"executed_lines": [144, 149], "summary": {"covered_lines": 2, "num_statements": 2, "percent_covered": 100.0, "percent_covered_display": "100", "missing_lines": 0, "excluded_lines": 0}, "missing_lines": [], "excluded_lines": []}, "get_resource_info": {"executed_lines": [], "summary": {"covered_lines": 0, "num_statements": 1, "percent_covered": 0.0, "percent_covered_display": "0", "missing_lines": 1, "excluded_lines": 0}, "missing_lines": [154], "excluded_lines": []}, "": {"executed_lines": [1, 8, 9, 10, 13, 14, 15, 17, 18, 19, 22, 23, 24, 26, 27, 28, 29, 32, 33, 35, 40, 55, 56, 60, 97, 130, 133, 152], "summary": {"covered_lines": 24, "num_statements": 24, "percent_covered": 100.0, "percent_covered_display": "100", "missing_lines": 0, "excluded_lines": 0}, "missing_lines": [], "excluded_lines": []}}, "classes": {"ResourceLimits": {"executed_lines": [], "summary": {"covered_lines": 0, "num_statements": 0, "percent_covered": 100.0, "percent_covered_display": "100", "missing_lines": 0, "excluded_lines": 0}, "missing_lines": [], "excluded_lines": []}, "ResourceInfo": {"executed_lines": [], "summary": {"covered_lines": 0, "num_statements": 0, "percent_covered": 100.0, "percent_covered_display": "100", "missing_lines": 0, "excluded_lines": 0}, "missing_lines": [], "excluded_lines": []}, "ResourceManager": {"executed_lines": [36, 37, 38, 42, 47, 48, 50, 51, 70, 73, 74, 75, 76, 94, 95], "summary": {"covered_lines": 15, "num_statements": 35, "percent_covered": 42.857142857142854, "percent_covered_display": "43", "missing_lines": 20, "excluded_lines": 0}, "missing_lines": [44, 45, 52, 53, 58, 71, 80, 81, 86, 87, 92, 104, 105, 107, 108, 111, 114, 118, 125, 126], "excluded_lines": []}, "": {"executed_lines": [1, 8, 9, 10, 13, 14, 15, 17, 18, 19, 22, 23, 24, 26, 27, 28, 29, 32, 33, 35, 40, 55, 56, 60, 97, 130, 133, 144, 149, 152], "summary": {"covered_lines": 26, "num_statements": 27, "percent_covered": 96.29629629629629, "percent_covered_display": "96", "missing_lines": 1, "excluded_lines": 0}, "missing_lines": [154], "excluded_lines": []}}}, "src/defuse/sandbox.py": {"executed_lines": [1, 5, 6, 7, 8, 9, 10, 11, 12, 14, 17, 18, 20, 21, 22, 23, 26, 27, 29, 30, 31, 32, 33, 36, 37, 39, 40, 41, 42, 44, 46, 51, 52, 53, 55, 56, 59, 60, 62, 64, 66, 67, 68, 70, 71, 74, 75, 80, 82, 84, 85, 86, 88, 89, 92, 93, 98, 100, 107, 108, 109, 110, 111, 113, 114, 118, 123, 125, 129, 132, 136, 141, 142, 144, 145, 146, 147, 150, 151, 152, 153, 154, 155, 158, 159, 160, 161, 162, 165, 166, 169, 177, 179, 303, 304, 305, 306, 311, 313, 316, 318, 321, 356, 375, 382, 383, 388, 391, 392, 393, 395, 397, 399, 400, 432, 453, 454, 455, 460, 462, 465, 467, 470, 508, 531, 533, 534, 536, 537, 539, 540, 541, 542, 543, 544, 546, 549, 551, 554, 592, 615, 617, 618, 623, 624, 625, 630, 636, 637, 640, 641, 644, 651, 658, 665, 669, 670, 673, 680, 681, 685, 686, 688, 689, 691, 692, 693, 694, 695, 699, 700, 701, 703, 705, 734, 736, 739, 741], "summary": {"covered_lines": 173, "num_statements": 209, "percent_covered": 82.77511961722487, "percent_covered_display": "83", "missing_lines": 36, "excluded_lines": 0}, "missing_lines": [116, 138, 170, 307, 308, 309, 385, 386, 389, 390, 434, 435, 438, 439, 440, 444, 445, 450, 451, 456, 457, 458, 620, 621, 626, 627, 628, 648, 649, 655, 656, 662, 663, 687, 690, 696], "excluded_lines": [], "functions": {"SandboxCapabilities.__init__": {"executed_lines": [40, 41, 42], "summary": {"covered_lines": 3, "num_statements": 3, "percent_covered": 100.0, "percent_covered_display": "100", "missing_lines": 0, "excluded_lines": 0}, "missing_lines": [], "excluded_lines": []}, "SandboxCapabilities._detect_backends": {"executed_lines": [46, 51, 52, 53, 55, 56, 59, 60, 62], "summary": {"covered_lines": 9, "num_statements": 9, "percent_covered": 100.0, "percent_covered_display": "100", "missing_lines": 0, "excluded_lines": 0}, "missing_lines": [], "excluded_lines": []}, "SandboxCapabilities._check_docker_available": {"executed_lines": [66, 67, 68, 70, 71, 74, 75, 80], "summary": {"covered_lines": 8, "num_statements": 8, "percent_covered": 100.0, "percent_covered_display": "100", "missing_lines": 0, "excluded_lines": 0}, "missing_lines": [], "excluded_lines": []}, "SandboxCapabilities._check_podman_available": {"executed_lines": [84, 85, 86, 88, 89, 92, 93, 98], "summary": {"covered_lines": 8, "num_statements": 8, "percent_covered": 100.0, "percent_covered_display": "100", "missing_lines": 0, "excluded_lines": 0}, "missing_lines": [], "excluded_lines": []}, "SandboxCapabilities._get_recommended_backend": {"executed_lines": [107, 108, 109, 110, 111, 113, 114, 118], "summary": {"covered_lines": 8, "num_statements": 9, "percent_covered": 88.88888888888889, "percent_covered_display": "89", "missing_lines": 1, "excluded_lines": 0}, "missing_lines": [116], "excluded_lines": []}, "SandboxCapabilities.get_max_isolation_level": {"executed_lines": [125, 129, 132, 136], "summary": {"covered_lines": 4, "num_statements": 5, "percent_covered": 80.0, "percent_covered_display": "80", "missing_lines": 1, "excluded_lines": 0}, "missing_lines": [138], "excluded_lines": []}, "SandboxedDownloader.__init__": {"executed_lines": [145, 146, 147, 150, 151, 152, 153, 154, 155, 158, 159, 160, 161, 162, 165, 166, 169], "summary": {"covered_lines": 17, "num_statements": 18, "percent_covered": 94.44444444444444, "percent_covered_display": "94", "missing_lines": 1, "excluded_lines": 0}, "missing_lines": [170], "excluded_lines": []}, "SandboxedDownloader.create_download_script": {"executed_lines": [179, 303, 304, 305, 306, 311], "summary": {"covered_lines": 6, "num_statements": 9, "percent_covered": 66.66666666666667, "percent_covered_display": "67", "missing_lines": 3, "excluded_lines": 0}, "missing_lines": [307, 308, 309], "excluded_lines": []}, "SandboxedDownloader.run_firejail_download": {"executed_lines": [316, 318, 321, 356, 375, 382, 383, 388, 391, 392, 393], "summary": {"covered_lines": 11, "num_statements": 15, "percent_covered": 73.33333333333333, "percent_covered_display": "73", "missing_lines": 4, "excluded_lines": 0}, "missing_lines": [385, 386, 389, 390], "excluded_lines": []}, "SandboxedDownloader.run_bubblewrap_download": {"executed_lines": [397, 399, 400, 432, 453, 454, 455, 460], "summary": {"covered_lines": 8, "num_statements": 20, "percent_covered": 40.0, "percent_covered_display": "40", "missing_lines": 12, "excluded_lines": 0}, "missing_lines": [434, 435, 438, 439, 440, 444, 445, 450, 451, 456, 457, 458], "excluded_lines": []}, "SandboxedDownloader.run_docker_download": {"executed_lines": [465, 467, 470, 508, 531, 533, 534, 536, 537, 539, 540, 541, 542, 543, 544], "summary": {"covered_lines": 15, "num_statements": 15, "percent_covered": 100.0, "percent_covered_display": "100", "missing_lines": 0, "excluded_lines": 0}, "missing_lines": [], "excluded_lines": []}, "SandboxedDownloader.run_podman_download": {"executed_lines": [549, 551, 554, 592, 615, 617, 618, 623, 624, 625], "summary": {"covered_lines": 10, "num_statements": 15, "percent_covered": 66.66666666666667, "percent_covered_display": "67", "missing_lines": 5, "excluded_lines": 0}, "missing_lines": [620, 621, 626, 627, 628], "excluded_lines": []}, "SandboxedDownloader.sandboxed_download": {"executed_lines": [636, 637, 640, 641, 644, 651, 658, 665, 669, 670, 673, 680, 681, 685, 686, 688, 689, 691, 692, 693, 694, 695, 699, 700, 701], "summary": {"covered_lines": 25, "num_statements": 34, "percent_covered": 73.52941176470588, "percent_covered_display": "74", "missing_lines": 9, "excluded_lines": 0}, "missing_lines": [648, 649, 655, 656, 662, 663, 687, 690, 696], "excluded_lines": []}, "SandboxedDownloader.get_security_report": {"executed_lines": [705], "summary": {"covered_lines": 1, "num_statements": 1, "percent_covered": 100.0, "percent_covered_display": "100", "missing_lines": 0, "excluded_lines": 0}, "missing_lines": [], "excluded_lines": []}, "get_sandbox_capabilities": {"executed_lines": [736], "summary": {"covered_lines": 1, "num_statements": 1, "percent_covered": 100.0, "percent_covered_display": "100", "missing_lines": 0, "excluded_lines": 0}, "missing_lines": [], "excluded_lines": []}, "create_sandboxed_downloader": {"executed_lines": [741], "summary": {"covered_lines": 1, "num_statements": 1, "percent_covered": 100.0, "percent_covered_display": "100", "missing_lines": 0, "excluded_lines": 0}, "missing_lines": [], "excluded_lines": []}, "": {"executed_lines": [1, 5, 6, 7, 8, 9, 10, 11, 12, 14, 17, 18, 20, 21, 22, 23, 26, 27, 29, 30, 31, 32, 33, 36, 37, 39, 44, 64, 82, 100, 123, 141, 142, 144, 177, 313, 395, 462, 546, 630, 703, 734, 739], "summary": {"covered_lines": 38, "num_statements": 38, "percent_covered": 100.0, "percent_covered_display": "100", "missing_lines": 0, "excluded_lines": 0}, "missing_lines": [], "excluded_lines": []}}, "classes": {"IsolationLevel": {"executed_lines": [], "summary": {"covered_lines": 0, "num_statements": 0, "percent_covered": 100.0, "percent_covered_display": "100", "missing_lines": 0, "excluded_lines": 0}, "missing_lines": [], "excluded_lines": []}, "SandboxBackend": {"executed_lines": [], "summary": {"covered_lines": 0, "num_statements": 0, "percent_covered": 100.0, "percent_covered_display": "100", "missing_lines": 0, "excluded_lines": 0}, "missing_lines": [], "excluded_lines": []}, "SandboxCapabilities": {"executed_lines": [40, 41, 42, 46, 51, 52, 53, 55, 56, 59, 60, 62, 66, 67, 68, 70, 71, 74, 75, 80, 84, 85, 86, 88, 89, 92, 93, 98, 107, 108, 109, 110, 111, 113, 114, 118, 125, 129, 132, 136], "summary": {"covered_lines": 40, "num_statements": 42, "percent_covered": 95.23809523809524, "percent_covered_display": "95", "missing_lines": 2, "excluded_lines": 0}, "missing_lines": [116, 138], "excluded_lines": []}, "SandboxedDownloader": {"executed_lines": [145, 146, 147, 150, 151, 152, 153, 154, 155, 158, 159, 160, 161, 162, 165, 166, 169, 179, 303, 304, 305, 306, 311, 316, 318, 321, 356, 375, 382, 383, 388, 391, 392, 393, 397, 399, 400, 432, 453, 454, 455, 460, 465, 467, 470, 508, 531, 533, 534, 536, 537, 539, 540, 541, 542, 543, 544, 549, 551, 554, 592, 615, 617, 618, 623, 624, 625, 636, 637, 640, 641, 644, 651, 658, 665, 669, 670, 673, 680, 681, 685, 686, 688, 689, 691, 692, 693, 694, 695, 699, 700, 701, 705], "summary": {"covered_lines": 93, "num_statements": 127, "percent_covered": 73.22834645669292, "percent_covered_display": "73", "missing_lines": 34, "excluded_lines": 0}, "missing_lines": [170, 307, 308, 309, 385, 386, 389, 390, 434, 435, 438, 439, 440, 444, 445, 450, 451, 456, 457, 458, 620, 621, 626, 627, 628, 648, 649, 655, 656, 662, 663, 687, 690, 696], "excluded_lines": []}, "": {"executed_lines": [1, 5, 6, 7, 8, 9, 10, 11, 12, 14, 17, 18, 20, 21, 22, 23, 26, 27, 29, 30, 31, 32, 33, 36, 37, 39, 44, 64, 82, 100, 123, 141, 142, 144, 177, 313, 395, 462, 546, 630, 703, 734, 736, 739, 741], "summary": {"covered_lines": 40, "num_statements": 40, "percent_covered": 100.0, "percent_covered_display": "100", "missing_lines": 0, "excluded_lines": 0}, "missing_lines": [], "excluded_lines": []}}}, "src/defuse/sanitizer.py": {"executed_lines": [1, 2, 3, 4, 6, 9, 10, 12, 15, 16, 18, 19, 20, 22, 23, 25, 26, 30, 32, 34, 48, 49, 52, 53, 54, 57, 60, 63, 65, 67, 75, 79, 83, 91, 92, 95, 99, 101, 102, 103, 109, 110, 112, 113, 114, 116, 120, 121, 123, 125, 126, 129, 130, 133, 134, 135, 136, 138, 140, 141, 142, 145, 146, 149, 150, 151, 152, 154, 156, 157, 159, 161, 162, 168, 170, 171, 172, 174, 176, 177, 178, 179, 188, 189], "summary": {"covered_lines": 82, "num_statements": 90, "percent_covered": 91.11111111111111, "percent_covered_display": "91", "missing_lines": 8, "excluded_lines": 0}, "missing_lines": [58, 76, 80, 105, 169, 182, 183, 186], "excluded_lines": [], "functions": {"DocumentSanitizer.__init__": {"executed_lines": [19, 20, 22, 23, 25, 26], "summary": {"covered_lines": 6, "num_statements": 6, "percent_covered": 100.0, "percent_covered_display": "100", "missing_lines": 0, "excluded_lines": 0}, "missing_lines": [], "excluded_lines": []}, "DocumentSanitizer.is_available": {"executed_lines": [32], "summary": {"covered_lines": 1, "num_statements": 1, "percent_covered": 100.0, "percent_covered_display": "100", "missing_lines": 0, "excluded_lines": 0}, "missing_lines": [], "excluded_lines": []}, "DocumentSanitizer.sanitize": {"executed_lines": [48, 49, 52, 53, 54, 57, 60, 63, 65, 67, 75, 79, 83, 91, 92, 95, 99, 101, 102, 103, 109, 110, 112, 113, 114, 116, 120, 121, 123, 125, 126, 129, 130, 133, 134, 135, 136], "summary": {"covered_lines": 37, "num_statements": 41, "percent_covered": 90.2439024390244, "percent_covered_display": "90", "missing_lines": 4, "excluded_lines": 0}, "missing_lines": [58, 76, 80, 105], "excluded_lines": []}, "DocumentSanitizer.validate_output": {"executed_lines": [140, 141, 142, 145, 146, 149, 150, 151, 152, 154, 156, 157], "summary": {"covered_lines": 12, "num_statements": 12, "percent_covered": 100.0, "percent_covered_display": "100", "missing_lines": 0, "excluded_lines": 0}, "missing_lines": [], "excluded_lines": []}, "DocumentSanitizer.get_version": {"executed_lines": [161, 162, 168, 170, 171, 172], "summary": {"covered_lines": 6, "num_statements": 7, "percent_covered": 85.71428571428571, "percent_covered_display": "86", "missing_lines": 1, "excluded_lines": 0}, "missing_lines": [169], "excluded_lines": []}, "DocumentSanitizer.cleanup_temp_files": {"executed_lines": [176, 177, 178, 179, 188, 189], "summary": {"covered_lines": 6, "num_statements": 9, "percent_covered": 66.66666666666667, "percent_covered_display": "67", "missing_lines": 3, "excluded_lines": 0}, "missing_lines": [182, 183, 186], "excluded_lines": []}, "": {"executed_lines": [1, 2, 3, 4, 6, 9, 10, 12, 15, 16, 18, 30, 34, 138, 159, 174], "summary": {"covered_lines": 14, "num_statements": 14, "percent_covered": 100.0, "percent_covered_display": "100", "missing_lines": 0, "excluded_lines": 0}, "missing_lines": [], "excluded_lines": []}}, "classes": {"DocumentSanitizeError": {"executed_lines": [], "summary": {"covered_lines": 0, "num_statements": 0, "percent_covered": 100.0, "percent_covered_display": "100", "missing_lines": 0, "excluded_lines": 0}, "missing_lines": [], "excluded_lines": []}, "DocumentSanitizer": {"executed_lines": [19, 20, 22, 23, 25, 26, 32, 48, 49, 52, 53, 54, 57, 60, 63, 65, 67, 75, 79, 83, 91, 92, 95, 99, 101, 102, 103, 109, 110, 112, 113, 114, 116, 120, 121, 123, 125, 126, 129, 130, 133, 134, 135, 136, 140, 141, 142, 145, 146, 149, 150, 151, 152, 154, 156, 157, 161, 162, 168, 170, 171, 172, 176, 177, 178, 179, 188, 189], "summary": {"covered_lines": 68, "num_statements": 76, "percent_covered": 89.47368421052632, "percent_covered_display": "89", "missing_lines": 8, "excluded_lines": 0}, "missing_lines": [58, 76, 80, 105, 169, 182, 183, 186], "excluded_lines": []}, "": {"executed_lines": [1, 2, 3, 4, 6, 9, 10, 12, 15, 16, 18, 30, 34, 138, 159, 174], "summary": {"covered_lines": 14, "num_statements": 14, "percent_covered": 100.0, "percent_covered_display": "100", "missing_lines": 0, "excluded_lines": 0}, "missing_lines": [], "excluded_lines": []}}}}, "totals": {"covered_lines": 936, "num_statements": 1110, "percent_covered": 84.32432432432432, "percent_covered_display": "84", "missing_lines": 174, "excluded_lines": 0}}